#! /usr/local/iverilog/bin/vvp
:ivl_version "11.0 (devel)" "(s20150603-612-ga9388a89)";
:ivl_delay_selection "TYPICAL";
:vpi_time_precision + 0;
:vpi_module "system";
:vpi_module "vhdl_sys";
:vpi_module "vhdl_textio";
:vpi_module "v2005_math";
:vpi_module "va_math";
S_000000000069d4d0 .scope module, "t_Alu" "t_Alu" 2 108;
 .timescale 0 0;
v00000000007014f0_0 .var "a", 3 0;
v00000000007019f0_0 .var "b", 3 0;
v0000000000702030_0 .var "ctrl", 2 0;
v00000000007016d0_0 .var "expect", 3 0;
v0000000000702990_0 .var "ok", 0 0;
v0000000000702c10_0 .var "op", 2 0;
v0000000000702850_0 .net "z", 3 0, L_0000000000707930;  1 drivers
S_000000000066b350 .scope module, "alu" "ALU4" 2 117, 2 92 0, S_000000000069d4d0;
 .timescale 0 0;
    .port_info 0 /OUTPUT 4 "z";
    .port_info 1 /INPUT 4 "a";
    .port_info 2 /INPUT 4 "b";
    .port_info 3 /INPUT 3 "op";
L_0000000000697be0 .functor XOR 1, L_0000000000701d10, L_0000000000701450, C4<0>, C4<0>;
L_0000000000697780 .functor AND 4, v00000000007014f0_0, v00000000007019f0_0, C4<1111>, C4<1111>;
L_0000000000697e80 .functor OR 4, v00000000007014f0_0, v00000000007019f0_0, C4<0000>, C4<0000>;
v00000000006fe790_0 .net *"_s2", 0 0, L_0000000000701d10;  1 drivers
v0000000000702fd0_0 .net *"_s4", 0 0, L_0000000000701450;  1 drivers
v0000000000701630_0 .net "a", 3 0, v00000000007014f0_0;  1 drivers
v0000000000702df0_0 .net "alu_and", 3 0, L_0000000000697780;  1 drivers
v0000000000701810_0 .net "alu_arith", 3 0, L_0000000000701ef0;  1 drivers
v00000000007028f0_0 .net "alu_or", 3 0, L_0000000000697e80;  1 drivers
v00000000007023f0_0 .net "b", 3 0, v00000000007019f0_0;  1 drivers
v0000000000702a30_0 .net "condition", 0 0, L_0000000000697be0;  1 drivers
v00000000007018b0_0 .net "cout", 0 0, L_0000000000701590;  1 drivers
v0000000000702ad0_0 .net "op", 2 0, v0000000000702c10_0;  1 drivers
o00000000006a1028 .functor BUFZ 4, C4<zzzz>; HiZ drive
v00000000007022b0_0 .net "slt", 3 0, o00000000006a1028;  0 drivers
v0000000000701c70_0 .net "z", 3 0, L_0000000000707930;  alias, 1 drivers
L_0000000000701d10 .part v00000000007014f0_0, 0, 1;
L_0000000000701450 .part v00000000007019f0_0, 0, 1;
L_0000000000702710 .part v0000000000702c10_0, 2, 1;
L_0000000000708790 .part v0000000000702c10_0, 0, 2;
S_000000000066b4e0 .scope module, "m_arith" "yArith" 2 103, 2 51 0, S_000000000066b350;
 .timescale 0 0;
    .port_info 0 /OUTPUT 4 "z";
    .port_info 1 /OUTPUT 1 "cout";
    .port_info 2 /INPUT 4 "a";
    .port_info 3 /INPUT 4 "b";
    .port_info 4 /INPUT 1 "ctrl";
L_00000000006975c0 .functor BUFZ 1, L_0000000000702710, C4<0>, C4<0>, C4<0>;
L_00000000006977f0 .functor NOT 4, v00000000007019f0_0, C4<0000>, C4<0000>, C4<0000>;
v00000000006f7960_0 .net "a", 3 0, v00000000007014f0_0;  alias, 1 drivers
v00000000006f7640_0 .net "b", 3 0, v00000000007019f0_0;  alias, 1 drivers
v00000000006f7a00_0 .net "cin", 0 0, L_00000000006975c0;  1 drivers
v00000000006f66a0_0 .net "cout", 0 0, L_0000000000701590;  alias, 1 drivers
v00000000006f7aa0_0 .net "ctrl", 0 0, L_0000000000702710;  1 drivers
v00000000006f7b40_0 .net "notB", 3 0, L_00000000006977f0;  1 drivers
v00000000006f7be0_0 .net "tmp", 3 0, L_0000000000701770;  1 drivers
v00000000006f6740_0 .net "z", 3 0, L_0000000000701ef0;  alias, 1 drivers
S_0000000000666960 .scope module, "adder" "yAdder" 2 63, 2 15 0, S_000000000066b4e0;
 .timescale 0 0;
    .port_info 0 /OUTPUT 4 "z";
    .port_info 1 /OUTPUT 1 "cout";
    .port_info 2 /INPUT 4 "a";
    .port_info 3 /INPUT 4 "b";
    .port_info 4 /INPUT 1 "cin";
L_00000000007048f0 .functor BUFZ 1, L_00000000006975c0, C4<0>, C4<0>, C4<0>;
v00000000006993f0_0 .net *"_s27", 0 0, L_00000000007048f0;  1 drivers
v0000000000699490_0 .net "a", 3 0, v00000000007014f0_0;  alias, 1 drivers
v000000000069a110_0 .net "b", 3 0, L_0000000000701770;  alias, 1 drivers
v00000000006f6920_0 .net "cin", 0 0, L_00000000006975c0;  alias, 1 drivers
v00000000006f6ba0_0 .net "cout", 0 0, L_0000000000701590;  alias, 1 drivers
v00000000006f73c0_0 .net "in", 3 0, L_0000000000702670;  1 drivers
v00000000006f7dc0_0 .net "out", 3 0, L_0000000000702f30;  1 drivers
v00000000006f7e60_0 .net "z", 3 0, L_0000000000701ef0;  alias, 1 drivers
L_0000000000701b30 .part L_0000000000702f30, 0, 1;
L_00000000007020d0 .part L_0000000000702f30, 1, 1;
L_0000000000701bd0 .part L_0000000000702f30, 2, 1;
L_0000000000701ef0 .concat [ 1 1 1 1], L_00000000006974e0, L_0000000000704260, L_0000000000704dc0, L_00000000007042d0;
L_0000000000702f30 .concat [ 1 1 1 1], L_0000000000704880, L_0000000000704f10, L_00000000007045e0, L_0000000000704490;
L_0000000000701270 .part v00000000007014f0_0, 0, 1;
L_0000000000702350 .part v00000000007014f0_0, 1, 1;
L_0000000000701f90 .part v00000000007014f0_0, 2, 1;
L_0000000000702d50 .part v00000000007014f0_0, 3, 1;
L_0000000000701310 .part L_0000000000701770, 0, 1;
L_0000000000702170 .part L_0000000000701770, 1, 1;
L_0000000000703070 .part L_0000000000701770, 2, 1;
L_0000000000702210 .part L_0000000000701770, 3, 1;
L_0000000000702530 .part L_0000000000702670, 0, 1;
L_00000000007011d0 .part L_0000000000702670, 1, 1;
L_00000000007013b0 .part L_0000000000702670, 2, 1;
L_00000000007025d0 .part L_0000000000702670, 3, 1;
L_0000000000702670 .concat8 [ 1 1 1 1], L_00000000007048f0, L_0000000000701b30, L_00000000007020d0, L_0000000000701bd0;
L_0000000000701590 .part L_0000000000702f30, 3, 1;
S_0000000000666af0 .scope generate, "asg[1]" "asg[1]" 2 29, 2 29 0, S_0000000000666960;
 .timescale 0 0;
P_000000000069aed0 .param/l "i" 0 2 29, +C4<01>;
v0000000000698bd0_0 .net *"_s0", 0 0, L_0000000000701b30;  1 drivers
S_000000000099e3a0 .scope generate, "asg[2]" "asg[2]" 2 29, 2 29 0, S_0000000000666960;
 .timescale 0 0;
P_000000000069aad0 .param/l "i" 0 2 29, +C4<010>;
v0000000000698770_0 .net *"_s0", 0 0, L_00000000007020d0;  1 drivers
S_000000000099e530 .scope generate, "asg[3]" "asg[3]" 2 29, 2 29 0, S_0000000000666960;
 .timescale 0 0;
P_000000000069a990 .param/l "i" 0 2 29, +C4<011>;
v0000000000699350_0 .net *"_s0", 0 0, L_0000000000701bd0;  1 drivers
S_0000000000672fd0 .scope module, "mine[0]" "yAdder1" 2 23, 2 2 0, S_0000000000666960;
 .timescale 0 0;
    .port_info 0 /OUTPUT 1 "z";
    .port_info 1 /OUTPUT 1 "cout";
    .port_info 2 /INPUT 1 "a";
    .port_info 3 /INPUT 1 "b";
    .port_info 4 /INPUT 1 "cin";
L_0000000000698190 .functor XOR 1, L_0000000000701270, L_0000000000701310, C4<0>, C4<0>;
L_00000000006974e0 .functor XOR 1, L_0000000000702530, L_0000000000698190, C4<0>, C4<0>;
L_00000000007046c0 .functor AND 1, L_0000000000701270, L_0000000000701310, C4<1>, C4<1>;
L_0000000000704d50 .functor AND 1, L_0000000000698190, L_0000000000702530, C4<1>, C4<1>;
L_0000000000704880 .functor OR 1, L_0000000000704d50, L_00000000007046c0, C4<0>, C4<0>;
v0000000000698630_0 .net "a", 0 0, L_0000000000701270;  1 drivers
v00000000006990d0_0 .net "b", 0 0, L_0000000000701310;  1 drivers
v0000000000698e50_0 .net "cin", 0 0, L_0000000000702530;  1 drivers
v00000000006986d0_0 .net "cout", 0 0, L_0000000000704880;  1 drivers
v0000000000698810_0 .net "outL", 0 0, L_00000000007046c0;  1 drivers
v0000000000699710_0 .net "outR", 0 0, L_0000000000704d50;  1 drivers
v0000000000698590_0 .net "tmp", 0 0, L_0000000000698190;  1 drivers
v000000000069a390_0 .net "z", 0 0, L_00000000006974e0;  1 drivers
S_0000000000673160 .scope module, "mine[1]" "yAdder1" 2 23, 2 2 0, S_0000000000666960;
 .timescale 0 0;
    .port_info 0 /OUTPUT 1 "z";
    .port_info 1 /OUTPUT 1 "cout";
    .port_info 2 /INPUT 1 "a";
    .port_info 3 /INPUT 1 "b";
    .port_info 4 /INPUT 1 "cin";
L_0000000000704f80 .functor XOR 1, L_0000000000702350, L_0000000000702170, C4<0>, C4<0>;
L_0000000000704260 .functor XOR 1, L_00000000007011d0, L_0000000000704f80, C4<0>, C4<0>;
L_0000000000704730 .functor AND 1, L_0000000000702350, L_0000000000702170, C4<1>, C4<1>;
L_0000000000704340 .functor AND 1, L_0000000000704f80, L_00000000007011d0, C4<1>, C4<1>;
L_0000000000704f10 .functor OR 1, L_0000000000704340, L_0000000000704730, C4<0>, C4<0>;
v0000000000699990_0 .net "a", 0 0, L_0000000000702350;  1 drivers
v0000000000699b70_0 .net "b", 0 0, L_0000000000702170;  1 drivers
v0000000000699530_0 .net "cin", 0 0, L_00000000007011d0;  1 drivers
v00000000006997b0_0 .net "cout", 0 0, L_0000000000704f10;  1 drivers
v00000000006984f0_0 .net "outL", 0 0, L_0000000000704730;  1 drivers
v0000000000699cb0_0 .net "outR", 0 0, L_0000000000704340;  1 drivers
v0000000000699a30_0 .net "tmp", 0 0, L_0000000000704f80;  1 drivers
v0000000000699d50_0 .net "z", 0 0, L_0000000000704260;  1 drivers
S_000000000066ff50 .scope module, "mine[2]" "yAdder1" 2 23, 2 2 0, S_0000000000666960;
 .timescale 0 0;
    .port_info 0 /OUTPUT 1 "z";
    .port_info 1 /OUTPUT 1 "cout";
    .port_info 2 /INPUT 1 "a";
    .port_info 3 /INPUT 1 "b";
    .port_info 4 /INPUT 1 "cin";
L_0000000000704420 .functor XOR 1, L_0000000000701f90, L_0000000000703070, C4<0>, C4<0>;
L_0000000000704dc0 .functor XOR 1, L_00000000007013b0, L_0000000000704420, C4<0>, C4<0>;
L_00000000007047a0 .functor AND 1, L_0000000000701f90, L_0000000000703070, C4<1>, C4<1>;
L_0000000000704a40 .functor AND 1, L_0000000000704420, L_00000000007013b0, C4<1>, C4<1>;
L_00000000007045e0 .functor OR 1, L_0000000000704a40, L_00000000007047a0, C4<0>, C4<0>;
v0000000000699670_0 .net "a", 0 0, L_0000000000701f90;  1 drivers
v0000000000699e90_0 .net "b", 0 0, L_0000000000703070;  1 drivers
v0000000000699170_0 .net "cin", 0 0, L_00000000007013b0;  1 drivers
v000000000069a250_0 .net "cout", 0 0, L_00000000007045e0;  1 drivers
v0000000000698d10_0 .net "outL", 0 0, L_00000000007047a0;  1 drivers
v0000000000699210_0 .net "outR", 0 0, L_0000000000704a40;  1 drivers
v00000000006988b0_0 .net "tmp", 0 0, L_0000000000704420;  1 drivers
v000000000069a070_0 .net "z", 0 0, L_0000000000704dc0;  1 drivers
S_00000000006700e0 .scope module, "mine[3]" "yAdder1" 2 23, 2 2 0, S_0000000000666960;
 .timescale 0 0;
    .port_info 0 /OUTPUT 1 "z";
    .port_info 1 /OUTPUT 1 "cout";
    .port_info 2 /INPUT 1 "a";
    .port_info 3 /INPUT 1 "b";
    .port_info 4 /INPUT 1 "cin";
L_00000000007049d0 .functor XOR 1, L_0000000000702d50, L_0000000000702210, C4<0>, C4<0>;
L_00000000007042d0 .functor XOR 1, L_00000000007025d0, L_00000000007049d0, C4<0>, C4<0>;
L_0000000000704810 .functor AND 1, L_0000000000702d50, L_0000000000702210, C4<1>, C4<1>;
L_00000000007043b0 .functor AND 1, L_00000000007049d0, L_00000000007025d0, C4<1>, C4<1>;
L_0000000000704490 .functor OR 1, L_00000000007043b0, L_0000000000704810, C4<0>, C4<0>;
v000000000069a2f0_0 .net "a", 0 0, L_0000000000702d50;  1 drivers
v00000000006989f0_0 .net "b", 0 0, L_0000000000702210;  1 drivers
v0000000000698a90_0 .net "cin", 0 0, L_00000000007025d0;  1 drivers
v0000000000699850_0 .net "cout", 0 0, L_0000000000704490;  1 drivers
v0000000000699ad0_0 .net "outL", 0 0, L_0000000000704810;  1 drivers
v0000000000699f30_0 .net "outR", 0 0, L_00000000007043b0;  1 drivers
v0000000000698b30_0 .net "tmp", 0 0, L_00000000007049d0;  1 drivers
v00000000006992b0_0 .net "z", 0 0, L_00000000007042d0;  1 drivers
S_0000000000632ba0 .scope module, "mux" "yMux" 2 62, 2 67 0, S_000000000066b4e0;
 .timescale 0 0;
    .port_info 0 /OUTPUT 4 "z";
    .port_info 1 /INPUT 4 "a";
    .port_info 2 /INPUT 4 "b";
    .port_info 3 /INPUT 1 "c";
P_000000000069af50 .param/l "SIZE" 0 2 68, +C4<00000000000000000000000000000100>;
v00000000006f7fa0_0 .net "a", 3 0, v00000000007019f0_0;  alias, 1 drivers
v00000000006f7460_0 .net "b", 3 0, L_00000000006977f0;  alias, 1 drivers
v00000000006f6a60_0 .net "c", 0 0, L_00000000006975c0;  alias, 1 drivers
v00000000006f6600_0 .net "z", 3 0, L_0000000000701770;  alias, 1 drivers
L_0000000000701770 .concat [ 1 1 1 1], L_0000000000697860, L_0000000000697d30, L_0000000000698350, L_00000000006983c0;
L_0000000000701db0 .part v00000000007019f0_0, 0, 1;
L_0000000000701950 .part v00000000007019f0_0, 1, 1;
L_0000000000702cb0 .part v00000000007019f0_0, 2, 1;
L_0000000000702490 .part v00000000007019f0_0, 3, 1;
L_0000000000701e50 .part L_00000000006977f0, 0, 1;
L_0000000000701a90 .part L_00000000006977f0, 1, 1;
L_0000000000702b70 .part L_00000000006977f0, 2, 1;
L_0000000000702e90 .part L_00000000006977f0, 3, 1;
S_0000000000632d30 .scope module, "mine[0]" "yMux1" 2 73, 2 38 0, S_0000000000632ba0;
 .timescale 0 0;
    .port_info 0 /OUTPUT 1 "z";
    .port_info 1 /INPUT 1 "a";
    .port_info 2 /INPUT 1 "b";
    .port_info 3 /INPUT 1 "c";
L_0000000000697c50 .functor NOT 1, L_00000000006975c0, C4<0>, C4<0>, C4<0>;
L_00000000006976a0 .functor AND 1, L_0000000000701db0, L_0000000000697c50, C4<1>, C4<1>;
L_0000000000697710 .functor AND 1, L_00000000006975c0, L_0000000000701e50, C4<1>, C4<1>;
L_0000000000697860 .functor OR 1, L_00000000006976a0, L_0000000000697710, C4<0>, C4<0>;
v00000000006f64c0_0 .net "a", 0 0, L_0000000000701db0;  1 drivers
v00000000006f6e20_0 .net "b", 0 0, L_0000000000701e50;  1 drivers
v00000000006f6ec0_0 .net "c", 0 0, L_00000000006975c0;  alias, 1 drivers
v00000000006f6560_0 .net "lower", 0 0, L_0000000000697710;  1 drivers
v00000000006f7000_0 .net "notC", 0 0, L_0000000000697c50;  1 drivers
v00000000006f6380_0 .net "upper", 0 0, L_00000000006976a0;  1 drivers
v00000000006f76e0_0 .net "z", 0 0, L_0000000000697860;  1 drivers
S_000000000066adb0 .scope module, "mine[1]" "yMux1" 2 73, 2 38 0, S_0000000000632ba0;
 .timescale 0 0;
    .port_info 0 /OUTPUT 1 "z";
    .port_info 1 /INPUT 1 "a";
    .port_info 2 /INPUT 1 "b";
    .port_info 3 /INPUT 1 "c";
L_0000000000697630 .functor NOT 1, L_00000000006975c0, C4<0>, C4<0>, C4<0>;
L_0000000000697ef0 .functor AND 1, L_0000000000701950, L_0000000000697630, C4<1>, C4<1>;
L_0000000000697cc0 .functor AND 1, L_00000000006975c0, L_0000000000701a90, C4<1>, C4<1>;
L_0000000000697d30 .functor OR 1, L_0000000000697ef0, L_0000000000697cc0, C4<0>, C4<0>;
v00000000006f7500_0 .net "a", 0 0, L_0000000000701950;  1 drivers
v00000000006f7d20_0 .net "b", 0 0, L_0000000000701a90;  1 drivers
v00000000006f7c80_0 .net "c", 0 0, L_00000000006975c0;  alias, 1 drivers
v00000000006f6880_0 .net "lower", 0 0, L_0000000000697cc0;  1 drivers
v00000000006f69c0_0 .net "notC", 0 0, L_0000000000697630;  1 drivers
v00000000006f7f00_0 .net "upper", 0 0, L_0000000000697ef0;  1 drivers
v00000000006f7780_0 .net "z", 0 0, L_0000000000697d30;  1 drivers
S_000000000066af40 .scope module, "mine[2]" "yMux1" 2 73, 2 38 0, S_0000000000632ba0;
 .timescale 0 0;
    .port_info 0 /OUTPUT 1 "z";
    .port_info 1 /INPUT 1 "a";
    .port_info 2 /INPUT 1 "b";
    .port_info 3 /INPUT 1 "c";
L_0000000000697da0 .functor NOT 1, L_00000000006975c0, C4<0>, C4<0>, C4<0>;
L_0000000000697f60 .functor AND 1, L_0000000000702cb0, L_0000000000697da0, C4<1>, C4<1>;
L_0000000000697fd0 .functor AND 1, L_00000000006975c0, L_0000000000702b70, C4<1>, C4<1>;
L_0000000000698350 .functor OR 1, L_0000000000697f60, L_0000000000697fd0, C4<0>, C4<0>;
v00000000006f6c40_0 .net "a", 0 0, L_0000000000702cb0;  1 drivers
v00000000006f6f60_0 .net "b", 0 0, L_0000000000702b70;  1 drivers
v00000000006f7820_0 .net "c", 0 0, L_00000000006975c0;  alias, 1 drivers
v00000000006f75a0_0 .net "lower", 0 0, L_0000000000697fd0;  1 drivers
v00000000006f6b00_0 .net "notC", 0 0, L_0000000000697da0;  1 drivers
v00000000006f6d80_0 .net "upper", 0 0, L_0000000000697f60;  1 drivers
v00000000006f6ce0_0 .net "z", 0 0, L_0000000000698350;  1 drivers
S_00000000006f8200 .scope module, "mine[3]" "yMux1" 2 73, 2 38 0, S_0000000000632ba0;
 .timescale 0 0;
    .port_info 0 /OUTPUT 1 "z";
    .port_info 1 /INPUT 1 "a";
    .port_info 2 /INPUT 1 "b";
    .port_info 3 /INPUT 1 "c";
L_00000000006980b0 .functor NOT 1, L_00000000006975c0, C4<0>, C4<0>, C4<0>;
L_00000000006982e0 .functor AND 1, L_0000000000702490, L_00000000006980b0, C4<1>, C4<1>;
L_0000000000698120 .functor AND 1, L_00000000006975c0, L_0000000000702e90, C4<1>, C4<1>;
L_00000000006983c0 .functor OR 1, L_00000000006982e0, L_0000000000698120, C4<0>, C4<0>;
v00000000006f70a0_0 .net "a", 0 0, L_0000000000702490;  1 drivers
v00000000006f80e0_0 .net "b", 0 0, L_0000000000702e90;  1 drivers
v00000000006f7140_0 .net "c", 0 0, L_00000000006975c0;  alias, 1 drivers
v00000000006f78c0_0 .net "lower", 0 0, L_0000000000698120;  1 drivers
v00000000006f71e0_0 .net "notC", 0 0, L_00000000006980b0;  1 drivers
v00000000006f7280_0 .net "upper", 0 0, L_00000000006982e0;  1 drivers
v00000000006f7320_0 .net "z", 0 0, L_00000000006983c0;  1 drivers
S_00000000006f8390 .scope module, "mux" "yMux4to1" 2 104, 2 78 0, S_000000000066b350;
 .timescale 0 0;
    .port_info 0 /OUTPUT 4 "z";
    .port_info 1 /INPUT 4 "a0";
    .port_info 2 /INPUT 4 "a1";
    .port_info 3 /INPUT 4 "a2";
    .port_info 4 /INPUT 4 "a3";
    .port_info 5 /INPUT 2 "c";
P_000000000069a510 .param/l "SIZE" 0 2 79, +C4<00000000000000000000000000000100>;
v00000000006fdf70_0 .net "a0", 3 0, L_0000000000697780;  alias, 1 drivers
v00000000006fe290_0 .net "a1", 3 0, L_0000000000697e80;  alias, 1 drivers
v00000000006fe3d0_0 .net "a2", 3 0, L_0000000000701ef0;  alias, 1 drivers
v00000000006fed30_0 .net "a3", 3 0, o00000000006a1028;  alias, 0 drivers
v00000000006fe510_0 .net "c", 1 0, L_0000000000708790;  1 drivers
v00000000006fd890_0 .net "z", 3 0, L_0000000000707930;  alias, 1 drivers
v00000000006fe5b0_0 .net "zHi", 3 0, L_0000000000707750;  1 drivers
v00000000006fe6f0_0 .net "zLo", 3 0, L_00000000007027b0;  1 drivers
L_00000000007085b0 .part L_0000000000708790, 0, 1;
L_0000000000708d30 .part L_0000000000708790, 0, 1;
L_0000000000708a10 .part L_0000000000708790, 1, 1;
S_00000000006f9bc0 .scope module, "final" "yMux" 2 87, 2 67 0, S_00000000006f8390;
 .timescale 0 0;
    .port_info 0 /OUTPUT 4 "z";
    .port_info 1 /INPUT 4 "a";
    .port_info 2 /INPUT 4 "b";
    .port_info 3 /INPUT 1 "c";
P_000000000069a5d0 .param/l "SIZE" 0 2 68, +C4<00000000000000000000000000000100>;
v00000000006fc110_0 .net "a", 3 0, L_00000000007027b0;  alias, 1 drivers
v00000000006fc250_0 .net "b", 3 0, L_0000000000707750;  alias, 1 drivers
v00000000006fb530_0 .net "c", 0 0, L_0000000000708a10;  1 drivers
v00000000006fb0d0_0 .net "z", 3 0, L_0000000000707930;  alias, 1 drivers
L_0000000000707930 .concat [ 1 1 1 1], L_0000000000709600, L_000000000070a080, L_0000000000709ec0, L_0000000000709520;
L_00000000007077f0 .part L_00000000007027b0, 0, 1;
L_00000000007086f0 .part L_00000000007027b0, 1, 1;
L_00000000007090f0 .part L_00000000007027b0, 2, 1;
L_0000000000708fb0 .part L_00000000007027b0, 3, 1;
L_0000000000707430 .part L_0000000000707750, 0, 1;
L_00000000007079d0 .part L_0000000000707750, 1, 1;
L_0000000000708330 .part L_0000000000707750, 2, 1;
L_0000000000708830 .part L_0000000000707750, 3, 1;
S_00000000006f98a0 .scope module, "mine[0]" "yMux1" 2 73, 2 38 0, S_00000000006f9bc0;
 .timescale 0 0;
    .port_info 0 /OUTPUT 1 "z";
    .port_info 1 /INPUT 1 "a";
    .port_info 2 /INPUT 1 "b";
    .port_info 3 /INPUT 1 "c";
L_0000000000709a60 .functor NOT 1, L_0000000000708a10, C4<0>, C4<0>, C4<0>;
L_0000000000709ad0 .functor AND 1, L_00000000007077f0, L_0000000000709a60, C4<1>, C4<1>;
L_0000000000709b40 .functor AND 1, L_0000000000708a10, L_0000000000707430, C4<1>, C4<1>;
L_0000000000709600 .functor OR 1, L_0000000000709ad0, L_0000000000709b40, C4<0>, C4<0>;
v00000000006f8040_0 .net "a", 0 0, L_00000000007077f0;  1 drivers
v00000000006f6240_0 .net "b", 0 0, L_0000000000707430;  1 drivers
v00000000006f62e0_0 .net "c", 0 0, L_0000000000708a10;  alias, 1 drivers
v00000000006f6420_0 .net "lower", 0 0, L_0000000000709b40;  1 drivers
v00000000006f67e0_0 .net "notC", 0 0, L_0000000000709a60;  1 drivers
v00000000006fad10_0 .net "upper", 0 0, L_0000000000709ad0;  1 drivers
v00000000006fae50_0 .net "z", 0 0, L_0000000000709600;  1 drivers
S_00000000006f9710 .scope module, "mine[1]" "yMux1" 2 73, 2 38 0, S_00000000006f9bc0;
 .timescale 0 0;
    .port_info 0 /OUTPUT 1 "z";
    .port_info 1 /INPUT 1 "a";
    .port_info 2 /INPUT 1 "b";
    .port_info 3 /INPUT 1 "c";
L_0000000000709c20 .functor NOT 1, L_0000000000708a10, C4<0>, C4<0>, C4<0>;
L_0000000000709c90 .functor AND 1, L_00000000007086f0, L_0000000000709c20, C4<1>, C4<1>;
L_000000000070a0f0 .functor AND 1, L_0000000000708a10, L_00000000007079d0, C4<1>, C4<1>;
L_000000000070a080 .functor OR 1, L_0000000000709c90, L_000000000070a0f0, C4<0>, C4<0>;
v00000000006faef0_0 .net "a", 0 0, L_00000000007086f0;  1 drivers
v00000000006fc1b0_0 .net "b", 0 0, L_00000000007079d0;  1 drivers
v00000000006fa630_0 .net "c", 0 0, L_0000000000708a10;  alias, 1 drivers
v00000000006fb490_0 .net "lower", 0 0, L_000000000070a0f0;  1 drivers
v00000000006fbd50_0 .net "notC", 0 0, L_0000000000709c20;  1 drivers
v00000000006faf90_0 .net "upper", 0 0, L_0000000000709c90;  1 drivers
v00000000006fb670_0 .net "z", 0 0, L_000000000070a080;  1 drivers
S_00000000006fa200 .scope module, "mine[2]" "yMux1" 2 73, 2 38 0, S_00000000006f9bc0;
 .timescale 0 0;
    .port_info 0 /OUTPUT 1 "z";
    .port_info 1 /INPUT 1 "a";
    .port_info 2 /INPUT 1 "b";
    .port_info 3 /INPUT 1 "c";
L_0000000000709d00 .functor NOT 1, L_0000000000708a10, C4<0>, C4<0>, C4<0>;
L_0000000000709d70 .functor AND 1, L_00000000007090f0, L_0000000000709d00, C4<1>, C4<1>;
L_0000000000709e50 .functor AND 1, L_0000000000708a10, L_0000000000708330, C4<1>, C4<1>;
L_0000000000709ec0 .functor OR 1, L_0000000000709d70, L_0000000000709e50, C4<0>, C4<0>;
v00000000006fb710_0 .net "a", 0 0, L_00000000007090f0;  1 drivers
v00000000006fb990_0 .net "b", 0 0, L_0000000000708330;  1 drivers
v00000000006fbcb0_0 .net "c", 0 0, L_0000000000708a10;  alias, 1 drivers
v00000000006fadb0_0 .net "lower", 0 0, L_0000000000709e50;  1 drivers
v00000000006fa950_0 .net "notC", 0 0, L_0000000000709d00;  1 drivers
v00000000006fa810_0 .net "upper", 0 0, L_0000000000709d70;  1 drivers
v00000000006fba30_0 .net "z", 0 0, L_0000000000709ec0;  1 drivers
S_00000000006f9580 .scope module, "mine[3]" "yMux1" 2 73, 2 38 0, S_00000000006f9bc0;
 .timescale 0 0;
    .port_info 0 /OUTPUT 1 "z";
    .port_info 1 /INPUT 1 "a";
    .port_info 2 /INPUT 1 "b";
    .port_info 3 /INPUT 1 "c";
L_000000000070a1d0 .functor NOT 1, L_0000000000708a10, C4<0>, C4<0>, C4<0>;
L_000000000070a240 .functor AND 1, L_0000000000708fb0, L_000000000070a1d0, C4<1>, C4<1>;
L_00000000007094b0 .functor AND 1, L_0000000000708a10, L_0000000000708830, C4<1>, C4<1>;
L_0000000000709520 .functor OR 1, L_000000000070a240, L_00000000007094b0, C4<0>, C4<0>;
v00000000006fbb70_0 .net "a", 0 0, L_0000000000708fb0;  1 drivers
v00000000006fa8b0_0 .net "b", 0 0, L_0000000000708830;  1 drivers
v00000000006fbfd0_0 .net "c", 0 0, L_0000000000708a10;  alias, 1 drivers
v00000000006fb5d0_0 .net "lower", 0 0, L_00000000007094b0;  1 drivers
v00000000006fb030_0 .net "notC", 0 0, L_000000000070a1d0;  1 drivers
v00000000006fac70_0 .net "upper", 0 0, L_000000000070a240;  1 drivers
v00000000006fc070_0 .net "z", 0 0, L_0000000000709520;  1 drivers
S_00000000006f9ee0 .scope module, "hi" "yMux" 2 86, 2 67 0, S_00000000006f8390;
 .timescale 0 0;
    .port_info 0 /OUTPUT 4 "z";
    .port_info 1 /INPUT 4 "a";
    .port_info 2 /INPUT 4 "b";
    .port_info 3 /INPUT 1 "c";
P_000000000069a710 .param/l "SIZE" 0 2 68, +C4<00000000000000000000000000000100>;
v00000000006fdb10_0 .net "a", 3 0, L_0000000000701ef0;  alias, 1 drivers
v00000000006feab0_0 .net "b", 3 0, o00000000006a1028;  alias, 0 drivers
v00000000006fe8d0_0 .net "c", 0 0, L_0000000000708d30;  1 drivers
v00000000006feb50_0 .net "z", 3 0, L_0000000000707750;  alias, 1 drivers
L_0000000000707750 .concat [ 1 1 1 1], L_000000000070a010, L_0000000000709910, L_00000000007099f0, L_000000000070a320;
L_0000000000707cf0 .part L_0000000000701ef0, 0, 1;
L_0000000000708970 .part L_0000000000701ef0, 1, 1;
L_0000000000707570 .part L_0000000000701ef0, 2, 1;
L_00000000007076b0 .part L_0000000000701ef0, 3, 1;
L_0000000000707890 .part o00000000006a1028, 0, 1;
L_0000000000707f70 .part o00000000006a1028, 1, 1;
L_0000000000707c50 .part o00000000006a1028, 2, 1;
L_0000000000707e30 .part o00000000006a1028, 3, 1;
S_00000000006f9d50 .scope module, "mine[0]" "yMux1" 2 73, 2 38 0, S_00000000006f9ee0;
 .timescale 0 0;
    .port_info 0 /OUTPUT 1 "z";
    .port_info 1 /INPUT 1 "a";
    .port_info 2 /INPUT 1 "b";
    .port_info 3 /INPUT 1 "c";
L_0000000000709750 .functor NOT 1, L_0000000000708d30, C4<0>, C4<0>, C4<0>;
L_0000000000709de0 .functor AND 1, L_0000000000707cf0, L_0000000000709750, C4<1>, C4<1>;
L_00000000007098a0 .functor AND 1, L_0000000000708d30, L_0000000000707890, C4<1>, C4<1>;
L_000000000070a010 .functor OR 1, L_0000000000709de0, L_00000000007098a0, C4<0>, C4<0>;
v00000000006fb170_0 .net "a", 0 0, L_0000000000707cf0;  1 drivers
v00000000006fbad0_0 .net "b", 0 0, L_0000000000707890;  1 drivers
v00000000006fb7b0_0 .net "c", 0 0, L_0000000000708d30;  alias, 1 drivers
v00000000006fc2f0_0 .net "lower", 0 0, L_00000000007098a0;  1 drivers
v00000000006fa9f0_0 .net "notC", 0 0, L_0000000000709750;  1 drivers
v00000000006fab30_0 .net "upper", 0 0, L_0000000000709de0;  1 drivers
v00000000006fb210_0 .net "z", 0 0, L_000000000070a010;  1 drivers
S_00000000006fa070 .scope module, "mine[1]" "yMux1" 2 73, 2 38 0, S_00000000006f9ee0;
 .timescale 0 0;
    .port_info 0 /OUTPUT 1 "z";
    .port_info 1 /INPUT 1 "a";
    .port_info 2 /INPUT 1 "b";
    .port_info 3 /INPUT 1 "c";
L_000000000070a2b0 .functor NOT 1, L_0000000000708d30, C4<0>, C4<0>, C4<0>;
L_000000000070a160 .functor AND 1, L_0000000000708970, L_000000000070a2b0, C4<1>, C4<1>;
L_0000000000709440 .functor AND 1, L_0000000000708d30, L_0000000000707f70, C4<1>, C4<1>;
L_0000000000709910 .functor OR 1, L_000000000070a160, L_0000000000709440, C4<0>, C4<0>;
v00000000006fa770_0 .net "a", 0 0, L_0000000000708970;  1 drivers
v00000000006fb850_0 .net "b", 0 0, L_0000000000707f70;  1 drivers
v00000000006fbc10_0 .net "c", 0 0, L_0000000000708d30;  alias, 1 drivers
v00000000006fc430_0 .net "lower", 0 0, L_0000000000709440;  1 drivers
v00000000006fb8f0_0 .net "notC", 0 0, L_000000000070a2b0;  1 drivers
v00000000006faa90_0 .net "upper", 0 0, L_000000000070a160;  1 drivers
v00000000006fb3f0_0 .net "z", 0 0, L_0000000000709910;  1 drivers
S_00000000006f9a30 .scope module, "mine[2]" "yMux1" 2 73, 2 38 0, S_00000000006f9ee0;
 .timescale 0 0;
    .port_info 0 /OUTPUT 1 "z";
    .port_info 1 /INPUT 1 "a";
    .port_info 2 /INPUT 1 "b";
    .port_info 3 /INPUT 1 "c";
L_0000000000709980 .functor NOT 1, L_0000000000708d30, C4<0>, C4<0>, C4<0>;
L_00000000007097c0 .functor AND 1, L_0000000000707570, L_0000000000709980, C4<1>, C4<1>;
L_0000000000709fa0 .functor AND 1, L_0000000000708d30, L_0000000000707c50, C4<1>, C4<1>;
L_00000000007099f0 .functor OR 1, L_00000000007097c0, L_0000000000709fa0, C4<0>, C4<0>;
v00000000006fa590_0 .net "a", 0 0, L_0000000000707570;  1 drivers
v00000000006fabd0_0 .net "b", 0 0, L_0000000000707c50;  1 drivers
v00000000006fb2b0_0 .net "c", 0 0, L_0000000000708d30;  alias, 1 drivers
v00000000006fbdf0_0 .net "lower", 0 0, L_0000000000709fa0;  1 drivers
v00000000006fbe90_0 .net "notC", 0 0, L_0000000000709980;  1 drivers
v00000000006fb350_0 .net "upper", 0 0, L_00000000007097c0;  1 drivers
v00000000006fbf30_0 .net "z", 0 0, L_00000000007099f0;  1 drivers
S_00000000006fa390 .scope module, "mine[3]" "yMux1" 2 73, 2 38 0, S_00000000006f9ee0;
 .timescale 0 0;
    .port_info 0 /OUTPUT 1 "z";
    .port_info 1 /INPUT 1 "a";
    .port_info 2 /INPUT 1 "b";
    .port_info 3 /INPUT 1 "c";
L_0000000000709bb0 .functor NOT 1, L_0000000000708d30, C4<0>, C4<0>, C4<0>;
L_0000000000709830 .functor AND 1, L_00000000007076b0, L_0000000000709bb0, C4<1>, C4<1>;
L_0000000000709f30 .functor AND 1, L_0000000000708d30, L_0000000000707e30, C4<1>, C4<1>;
L_000000000070a320 .functor OR 1, L_0000000000709830, L_0000000000709f30, C4<0>, C4<0>;
v00000000006fa6d0_0 .net "a", 0 0, L_00000000007076b0;  1 drivers
v00000000006fc390_0 .net "b", 0 0, L_0000000000707e30;  1 drivers
v00000000006fef10_0 .net "c", 0 0, L_0000000000708d30;  alias, 1 drivers
v00000000006fd1b0_0 .net "lower", 0 0, L_0000000000709f30;  1 drivers
v00000000006fdbb0_0 .net "notC", 0 0, L_0000000000709bb0;  1 drivers
v00000000006fd2f0_0 .net "upper", 0 0, L_0000000000709830;  1 drivers
v00000000006fe470_0 .net "z", 0 0, L_000000000070a320;  1 drivers
S_0000000000700de0 .scope module, "lo" "yMux" 2 85, 2 67 0, S_00000000006f8390;
 .timescale 0 0;
    .port_info 0 /OUTPUT 4 "z";
    .port_info 1 /INPUT 4 "a";
    .port_info 2 /INPUT 4 "b";
    .port_info 3 /INPUT 1 "c";
P_000000000069a810 .param/l "SIZE" 0 2 68, +C4<00000000000000000000000000000100>;
v00000000006fded0_0 .net "a", 3 0, L_0000000000697780;  alias, 1 drivers
v00000000006fd750_0 .net "b", 3 0, L_0000000000697e80;  alias, 1 drivers
v00000000006fec90_0 .net "c", 0 0, L_00000000007085b0;  1 drivers
v00000000006fd7f0_0 .net "z", 3 0, L_00000000007027b0;  alias, 1 drivers
L_00000000007027b0 .concat [ 1 1 1 1], L_0000000000704960, L_0000000000704b20, L_0000000000704e30, L_00000000007041f0;
L_0000000000707610 .part L_0000000000697780, 0, 1;
L_00000000007092d0 .part L_0000000000697780, 1, 1;
L_0000000000707a70 .part L_0000000000697780, 2, 1;
L_0000000000708150 .part L_0000000000697780, 3, 1;
L_0000000000708ab0 .part L_0000000000697e80, 0, 1;
L_00000000007088d0 .part L_0000000000697e80, 1, 1;
L_0000000000707b10 .part L_0000000000697e80, 2, 1;
L_0000000000709230 .part L_0000000000697e80, 3, 1;
S_00000000006ff350 .scope module, "mine[0]" "yMux1" 2 73, 2 38 0, S_0000000000700de0;
 .timescale 0 0;
    .port_info 0 /OUTPUT 1 "z";
    .port_info 1 /INPUT 1 "a";
    .port_info 2 /INPUT 1 "b";
    .port_info 3 /INPUT 1 "c";
L_0000000000704500 .functor NOT 1, L_00000000007085b0, C4<0>, C4<0>, C4<0>;
L_0000000000704c70 .functor AND 1, L_0000000000707610, L_0000000000704500, C4<1>, C4<1>;
L_0000000000704ea0 .functor AND 1, L_00000000007085b0, L_0000000000708ab0, C4<1>, C4<1>;
L_0000000000704960 .functor OR 1, L_0000000000704c70, L_0000000000704ea0, C4<0>, C4<0>;
v00000000006fefb0_0 .net "a", 0 0, L_0000000000707610;  1 drivers
v00000000006fe970_0 .net "b", 0 0, L_0000000000708ab0;  1 drivers
v00000000006fd570_0 .net "c", 0 0, L_00000000007085b0;  alias, 1 drivers
v00000000006fe330_0 .net "lower", 0 0, L_0000000000704ea0;  1 drivers
v00000000006ff050_0 .net "notC", 0 0, L_0000000000704500;  1 drivers
v00000000006fd930_0 .net "upper", 0 0, L_0000000000704c70;  1 drivers
v00000000006fedd0_0 .net "z", 0 0, L_0000000000704960;  1 drivers
S_00000000006ff4e0 .scope module, "mine[1]" "yMux1" 2 73, 2 38 0, S_0000000000700de0;
 .timescale 0 0;
    .port_info 0 /OUTPUT 1 "z";
    .port_info 1 /INPUT 1 "a";
    .port_info 2 /INPUT 1 "b";
    .port_info 3 /INPUT 1 "c";
L_0000000000704ab0 .functor NOT 1, L_00000000007085b0, C4<0>, C4<0>, C4<0>;
L_0000000000704570 .functor AND 1, L_00000000007092d0, L_0000000000704ab0, C4<1>, C4<1>;
L_0000000000704650 .functor AND 1, L_00000000007085b0, L_00000000007088d0, C4<1>, C4<1>;
L_0000000000704b20 .functor OR 1, L_0000000000704570, L_0000000000704650, C4<0>, C4<0>;
v00000000006fdd90_0 .net "a", 0 0, L_00000000007092d0;  1 drivers
v00000000006fea10_0 .net "b", 0 0, L_00000000007088d0;  1 drivers
v00000000006fd610_0 .net "c", 0 0, L_00000000007085b0;  alias, 1 drivers
v00000000006fd4d0_0 .net "lower", 0 0, L_0000000000704650;  1 drivers
v00000000006fe650_0 .net "notC", 0 0, L_0000000000704ab0;  1 drivers
v00000000006fe150_0 .net "upper", 0 0, L_0000000000704570;  1 drivers
v00000000006febf0_0 .net "z", 0 0, L_0000000000704b20;  1 drivers
S_00000000006ff800 .scope module, "mine[2]" "yMux1" 2 73, 2 38 0, S_0000000000700de0;
 .timescale 0 0;
    .port_info 0 /OUTPUT 1 "z";
    .port_info 1 /INPUT 1 "a";
    .port_info 2 /INPUT 1 "b";
    .port_info 3 /INPUT 1 "c";
L_0000000000704b90 .functor NOT 1, L_00000000007085b0, C4<0>, C4<0>, C4<0>;
L_0000000000704c00 .functor AND 1, L_0000000000707a70, L_0000000000704b90, C4<1>, C4<1>;
L_0000000000704ce0 .functor AND 1, L_00000000007085b0, L_0000000000707b10, C4<1>, C4<1>;
L_0000000000704e30 .functor OR 1, L_0000000000704c00, L_0000000000704ce0, C4<0>, C4<0>;
v00000000006fd250_0 .net "a", 0 0, L_0000000000707a70;  1 drivers
v00000000006fe1f0_0 .net "b", 0 0, L_0000000000707b10;  1 drivers
v00000000006fdc50_0 .net "c", 0 0, L_00000000007085b0;  alias, 1 drivers
v00000000006fda70_0 .net "lower", 0 0, L_0000000000704ce0;  1 drivers
v00000000006fee70_0 .net "notC", 0 0, L_0000000000704b90;  1 drivers
v00000000006fd390_0 .net "upper", 0 0, L_0000000000704c00;  1 drivers
v00000000006fe830_0 .net "z", 0 0, L_0000000000704e30;  1 drivers
S_00000000006ff990 .scope module, "mine[3]" "yMux1" 2 73, 2 38 0, S_0000000000700de0;
 .timescale 0 0;
    .port_info 0 /OUTPUT 1 "z";
    .port_info 1 /INPUT 1 "a";
    .port_info 2 /INPUT 1 "b";
    .port_info 3 /INPUT 1 "c";
L_0000000000704ff0 .functor NOT 1, L_00000000007085b0, C4<0>, C4<0>, C4<0>;
L_0000000000705060 .functor AND 1, L_0000000000708150, L_0000000000704ff0, C4<1>, C4<1>;
L_00000000007050d0 .functor AND 1, L_00000000007085b0, L_0000000000709230, C4<1>, C4<1>;
L_00000000007041f0 .functor OR 1, L_0000000000705060, L_00000000007050d0, C4<0>, C4<0>;
v00000000006fd9d0_0 .net "a", 0 0, L_0000000000708150;  1 drivers
v00000000006fdcf0_0 .net "b", 0 0, L_0000000000709230;  1 drivers
v00000000006fd430_0 .net "c", 0 0, L_00000000007085b0;  alias, 1 drivers
v00000000006fe0b0_0 .net "lower", 0 0, L_00000000007050d0;  1 drivers
v00000000006fde30_0 .net "notC", 0 0, L_0000000000704ff0;  1 drivers
v00000000006fd6b0_0 .net "upper", 0 0, L_0000000000705060;  1 drivers
v00000000006fe010_0 .net "z", 0 0, L_00000000007041f0;  1 drivers
    .scope S_000000000069d4d0;
T_0 ;
    %pushi/vec4 0, 0, 1;
    %store/vec4 v0000000000702990_0, 0, 1;
    %end;
    .thread T_0;
    .scope S_000000000069d4d0;
T_1 ;
    %pushi/vec4 10, 0, 32;
T_1.0 %dup/vec4;
    %pushi/vec4 0, 0, 32;
    %cmp/s;
    %jmp/1xz T_1.1, 5;
    %jmp/1 T_1.1, 4;
    %pushi/vec4 1, 0, 32;
    %sub;
    %vpi_func 2 123 "$random" 32 {0 0 0};
    %pad/s 4;
    %store/vec4 v00000000007014f0_0, 0, 4;
    %vpi_func 2 124 "$random" 32 {0 0 0};
    %pad/s 4;
    %store/vec4 v00000000007019f0_0, 0, 4;
    %pushi/vec4 0, 0, 3;
    %store/vec4 v0000000000702030_0, 0, 3;
    %load/vec4 v0000000000702030_0;
    %cmpi/e 0, 0, 3;
    %jmp/0xz  T_1.2, 6;
    %load/vec4 v00000000007014f0_0;
    %load/vec4 v00000000007019f0_0;
    %and;
    %store/vec4 v00000000007016d0_0, 0, 4;
    %jmp T_1.3;
T_1.2 ;
    %load/vec4 v0000000000702030_0;
    %cmpi/e 1, 0, 3;
    %jmp/0xz  T_1.4, 6;
    %load/vec4 v00000000007014f0_0;
    %load/vec4 v00000000007019f0_0;
    %or;
    %store/vec4 v00000000007016d0_0, 0, 4;
    %jmp T_1.5;
T_1.4 ;
    %load/vec4 v0000000000702030_0;
    %cmpi/e 2, 0, 3;
    %jmp/0xz  T_1.6, 6;
    %load/vec4 v00000000007014f0_0;
    %load/vec4 v00000000007019f0_0;
    %add;
    %store/vec4 v00000000007016d0_0, 0, 4;
    %jmp T_1.7;
T_1.6 ;
    %load/vec4 v0000000000702030_0;
    %cmpi/e 6, 0, 3;
    %jmp/0xz  T_1.8, 6;
    %load/vec4 v00000000007014f0_0;
    %load/vec4 v00000000007019f0_0;
    %add;
    %inv;
    %store/vec4 v00000000007016d0_0, 0, 4;
T_1.8 ;
T_1.7 ;
T_1.5 ;
T_1.3 ;
    %delay 5, 0;
    %vpi_call 2 144 "$display", " a=%b b=%b z=%b", v00000000007014f0_0, v00000000007019f0_0, v00000000007016d0_0 {0 0 0};
    %jmp T_1.0;
T_1.1 ;
    %pop/vec4 1;
    %vpi_call 2 148 "$finish" {0 0 0};
    %end;
    .thread T_1;
# The file index is used to find the file name in the following table.
:file_names 3;
    "N/A";
    "<interactive>";
    "labltest.v";
