#! /usr/local/iverilog/bin/vvp
:ivl_version "11.0 (devel)" "(s20150603-612-ga9388a89)";
:ivl_delay_selection "TYPICAL";
:vpi_time_precision + 0;
:vpi_module "system";
:vpi_module "vhdl_sys";
:vpi_module "vhdl_textio";
:vpi_module "v2005_math";
:vpi_module "va_math";
S_0000000000653e70 .scope module, "labK" "labK" 2 1;
 .timescale 0 0;
L_00000000006332a0 .functor XOR 1, v0000000000654000_0, v00000000006540a0_0, C4<0>, C4<0>;
L_000000000039b6f0 .functor AND 1, v0000000000654000_0, v00000000006540a0_0, C4<1>, C4<1>;
L_00000000006630f0 .functor XOR 1, v0000000000662ab0_0, L_00000000006332a0, C4<0>, C4<0>;
L_0000000000663160 .functor AND 1, L_00000000006332a0, v0000000000662ab0_0, C4<1>, C4<1>;
L_00000000006631d0 .functor OR 1, L_0000000000663160, L_000000000039b6f0, C4<0>, C4<0>;
v0000000000654000_0 .var "a", 0 0;
v00000000006540a0_0 .var "b", 0 0;
v0000000000662ab0_0 .var "ci", 0 0;
v0000000000662b50_0 .net "co", 0 0, L_00000000006631d0;  1 drivers
v0000000000662bf0_0 .var "expect", 1 0;
v0000000000662c90_0 .var/i "i", 31 0;
v0000000000662d30_0 .var/i "j", 31 0;
v0000000000662dd0_0 .var/i "k", 31 0;
v0000000000662e70_0 .net "l1", 0 0, L_00000000006332a0;  1 drivers
v0000000000662f10_0 .net "l2", 0 0, L_000000000039b6f0;  1 drivers
v0000000000662fb0_0 .net "tem", 0 0, L_0000000000663160;  1 drivers
v0000000000663050_0 .net "z", 0 0, L_00000000006630f0;  1 drivers
    .scope S_0000000000653e70;
T_0 ;
    %pushi/vec4 0, 0, 32;
    %store/vec4 v0000000000662c90_0, 0, 32;
T_0.0 ;
    %load/vec4 v0000000000662c90_0;
    %cmpi/s 2, 0, 32;
    %jmp/0xz T_0.1, 5;
    %pushi/vec4 0, 0, 32;
    %store/vec4 v0000000000662d30_0, 0, 32;
T_0.2 ;
    %load/vec4 v0000000000662d30_0;
    %cmpi/s 2, 0, 32;
    %jmp/0xz T_0.3, 5;
    %pushi/vec4 0, 0, 32;
    %store/vec4 v0000000000662dd0_0, 0, 32;
T_0.4 ;
    %load/vec4 v0000000000662dd0_0;
    %cmpi/s 2, 0, 32;
    %jmp/0xz T_0.5, 5;
    %load/vec4 v0000000000662c90_0;
    %pad/s 1;
    %store/vec4 v0000000000654000_0, 0, 1;
    %load/vec4 v0000000000662d30_0;
    %pad/s 1;
    %store/vec4 v00000000006540a0_0, 0, 1;
    %load/vec4 v0000000000662dd0_0;
    %pad/s 1;
    %store/vec4 v0000000000662ab0_0, 0, 1;
    %load/vec4 v0000000000654000_0;
    %pad/u 2;
    %load/vec4 v00000000006540a0_0;
    %pad/u 2;
    %add;
    %load/vec4 v0000000000662ab0_0;
    %pad/u 2;
    %add;
    %store/vec4 v0000000000662bf0_0, 0, 2;
    %delay 1, 0;
    %load/vec4 v0000000000662bf0_0;
    %parti/s 1, 0, 2;
    %load/vec4 v0000000000663050_0;
    %cmp/e;
    %flag_get/vec4 6;
    %load/vec4 v0000000000662bf0_0;
    %parti/s 1, 1, 2;
    %load/vec4 v0000000000662b50_0;
    %cmp/e;
    %flag_get/vec4 6;
    %and;
    %flag_set/vec4 8;
    %jmp/0xz  T_0.6, 8;
    %vpi_call 2 27 "$display", "PASS: a=%b b=%b cin=%b z=%b cout=%b", v0000000000654000_0, v00000000006540a0_0, v0000000000662ab0_0, v0000000000663050_0, v0000000000662b50_0 {0 0 0};
    %jmp T_0.7;
T_0.6 ;
    %vpi_call 2 30 "$display", "Fail: a=%b b=%b cin=%b z=%b cout=%b", v0000000000654000_0, v00000000006540a0_0, v0000000000662ab0_0, v0000000000663050_0, v0000000000662b50_0 {0 0 0};
T_0.7 ;
    %load/vec4 v0000000000662dd0_0;
    %addi 1, 0, 32;
    %store/vec4 v0000000000662dd0_0, 0, 32;
    %jmp T_0.4;
T_0.5 ;
    %load/vec4 v0000000000662d30_0;
    %addi 1, 0, 32;
    %store/vec4 v0000000000662d30_0, 0, 32;
    %jmp T_0.2;
T_0.3 ;
    %load/vec4 v0000000000662c90_0;
    %addi 1, 0, 32;
    %store/vec4 v0000000000662c90_0, 0, 32;
    %jmp T_0.0;
T_0.1 ;
    %vpi_call 2 34 "$finish" {0 0 0};
    %end;
    .thread T_0;
# The file index is used to find the file name in the following table.
:file_names 3;
    "N/A";
    "<interactive>";
    "labK9.v";
