#! /usr/local/iverilog/bin/vvp
:ivl_version "11.0 (devel)" "(s20150603-612-ga9388a89)";
:ivl_delay_selection "TYPICAL";
:vpi_time_precision + 0;
:vpi_module "system";
:vpi_module "vhdl_sys";
:vpi_module "vhdl_textio";
:vpi_module "v2005_math";
:vpi_module "va_math";
S_0000000000a9ab40 .scope module, "labM" "labM" 2 1;
 .timescale 0 0;
v0000000001eb2ba0_0 .var "clk", 0 0;
v0000000000a9cce0_0 .var "flag", 0 0;
v0000000000a9cd80_0 .var/i "i", 31 0;
o0000000001ee7068 .functor BUFZ 32, C4<zzzzzzzzzzzzzzzzzzzzzzzzzzzzzzzz>; HiZ drive
v0000000000a9ce20_0 .net "rd1", 31 0, o0000000001ee7068;  0 drivers
o0000000001ee7098 .functor BUFZ 32, C4<zzzzzzzzzzzzzzzzzzzzzzzzzzzzzzzz>; HiZ drive
v0000000000a9cec0_0 .net "rd2", 31 0, o0000000001ee7098;  0 drivers
v0000000001eb2c40_0 .var "rn1", 4 0;
v0000000001eb2ce0_0 .var "rn2", 4 0;
v0000000001eb2d80_0 .var "w", 0 0;
v0000000001eb2e20_0 .var "wd", 31 0;
v0000000001eb2ec0_0 .var "wn", 4 0;
    .scope S_0000000000a9ab40;
T_0 ;
    %vpi_func 2 12 "$value$plusargs" 32, "w=%b", v0000000001eb2d80_0 {0 0 0};
    %pad/u 1;
    %store/vec4 v0000000000a9cce0_0, 0, 1;
    %pushi/vec4 0, 0, 32;
    %store/vec4 v0000000000a9cd80_0, 0, 32;
T_0.0 ;
    %load/vec4 v0000000000a9cd80_0;
    %cmpi/s 32, 0, 32;
    %jmp/0xz T_0.1, 5;
    %pushi/vec4 0, 0, 1;
    %store/vec4 v0000000001eb2ba0_0, 0, 1;
    %load/vec4 v0000000000a9cd80_0;
    %load/vec4 v0000000000a9cd80_0;
    %mul;
    %store/vec4 v0000000001eb2e20_0, 0, 32;
    %load/vec4 v0000000000a9cd80_0;
    %pad/s 5;
    %store/vec4 v0000000001eb2ec0_0, 0, 5;
    %pushi/vec4 1, 0, 1;
    %store/vec4 v0000000001eb2ba0_0, 0, 1;
    %delay 1, 0;
    %load/vec4 v0000000000a9cd80_0;
    %addi 1, 0, 32;
    %store/vec4 v0000000000a9cd80_0, 0, 32;
    %jmp T_0.0;
T_0.1 ;
    %pushi/vec4 0, 0, 32;
    %store/vec4 v0000000000a9cd80_0, 0, 32;
T_0.2 ;
    %load/vec4 v0000000000a9cd80_0;
    %cmpi/s 10, 0, 32;
    %jmp/0xz T_0.3, 5;
    %vpi_func 2 25 "$random" 32 {0 0 0};
    %pushi/vec4 32, 0, 32;
    %mod/s;
    %pad/s 5;
    %store/vec4 v0000000001eb2c40_0, 0, 5;
    %vpi_func 2 26 "$random" 32 {0 0 0};
    %pushi/vec4 32, 0, 32;
    %mod/s;
    %pad/s 5;
    %store/vec4 v0000000001eb2ce0_0, 0, 5;
    %delay 2, 0;
    %vpi_call 2 29 "$display", "rn1=%d,rd1=%d  rn2=%d,rd2=%d", v0000000001eb2c40_0, v0000000000a9ce20_0, v0000000001eb2ce0_0, v0000000000a9cec0_0 {0 0 0};
    %load/vec4 v0000000000a9cd80_0;
    %addi 1, 0, 32;
    %store/vec4 v0000000000a9cd80_0, 0, 32;
    %jmp T_0.2;
T_0.3 ;
    %vpi_call 2 32 "$finish" {0 0 0};
    %end;
    .thread T_0;
# The file index is used to find the file name in the following table.
:file_names 3;
    "N/A";
    "<interactive>";
    "LabM3.v";
